<?xml version="1.0" encoding="UTF-8"?>
<!-- Generated by org.testng.reporters.JUnitReportReporter -->
<testsuite skipped="0" hostname="AMARAHMA-IN" name="tests.LoginTest" tests="2" failures="0" timestamp="05 May 2021 07:41:42 GMT" time="10.850" errors="0">
  <testcase name="test1" time="6.086" classname="tests.LoginTest"/>
  <testcase name="test2" time="4.764" classname="tests.LoginTest"/>
</testsuite> <!-- tests.LoginTest -->
